<?xml version="1.0" encoding="UTF-8"?>
<testng-results ignored="4" total="17" passed="10" failed="3" skipped="0">
  <reporter-output>
  </reporter-output>
  <suite started-at="2023-04-07T11:32:20 IST" name="Surefire suite" finished-at="2023-04-07T11:46:12 IST" duration-ms="832489">
    <groups>
      <group name="regression">
        <method signature="CreateMultipleOrgTest.createOrgTest(java.lang.String,java.lang.String)[pri:0, instance:vtiger.Organization.Tests.CreateMultipleOrgTest@7c469c48]" name="createOrgTest" class="vtiger.Organization.Tests.CreateMultipleOrgTest"/>
        <method signature="CreateOrganizationTest.createOrgTest()[pri:0, instance:vtiger.Organization.Tests.CreateOrganizationTest@12e61fe6]" name="createOrgTest" class="vtiger.Organization.Tests.CreateOrganizationTest"/>
      </group> <!-- regression -->
      <group name="smokesuite">
        <method signature="CreateContactWithOrganizationTest.createContactWithOrgTest()[pri:0, instance:vtiger.Contacts.Tests.CreateContactWithOrganizationTest@5276e6b0]" name="createContactWithOrgTest" class="vtiger.Contacts.Tests.CreateContactWithOrganizationTest"/>
        <method signature="CreateMultipleOrgTest.createOrgTest(java.lang.String,java.lang.String)[pri:0, instance:vtiger.Organization.Tests.CreateMultipleOrgTest@7c469c48]" name="createOrgTest" class="vtiger.Organization.Tests.CreateMultipleOrgTest"/>
      </group> <!-- smokesuite -->
    </groups>
    <test started-at="2023-04-07T11:32:20 IST" name="Surefire test" finished-at="2023-04-07T11:46:12 IST" duration-ms="832489">
      <class name="vtiger.Practice.CreateMultipleOrgTest">
        <test-method signature="createOrgTest(java.lang.String,java.lang.String)[pri:0, instance:vtiger.Practice.CreateMultipleOrgTest@7ee955a8]" started-at="2023-04-07T11:40:28 IST" name="createOrgTest" data-provider="OrgWithIndustry" finished-at="2023-04-07T11:41:48 IST" duration-ms="79866" status="PASS">
          <params>
            <param index="0">
              <value>
                <![CDATA[Wipro]]>
              </value>
            </param>
            <param index="1">
              <value>
                <![CDATA[Education]]>
              </value>
            </param>
          </params>
          <reporter-output>
          </reporter-output>
        </test-method> <!-- createOrgTest -->
        <test-method signature="createOrgTest(java.lang.String,java.lang.String)[pri:0, instance:vtiger.Practice.CreateMultipleOrgTest@7ee955a8]" started-at="2023-04-07T11:41:48 IST" name="createOrgTest" data-provider="OrgWithIndustry" finished-at="2023-04-07T11:42:56 IST" duration-ms="67819" status="PASS">
          <params>
            <param index="0">
              <value>
                <![CDATA[Samsung]]>
              </value>
            </param>
            <param index="1">
              <value>
                <![CDATA[Energy]]>
              </value>
            </param>
          </params>
          <reporter-output>
          </reporter-output>
        </test-method> <!-- createOrgTest -->
        <test-method signature="createOrgTest(java.lang.String,java.lang.String)[pri:0, instance:vtiger.Practice.CreateMultipleOrgTest@7ee955a8]" started-at="2023-04-07T11:42:56 IST" name="createOrgTest" data-provider="OrgWithIndustry" finished-at="2023-04-07T11:44:22 IST" duration-ms="86053" status="FAIL">
          <params>
            <param index="0">
              <value>
                <![CDATA[Google]]>
              </value>
            </param>
            <param index="1">
              <value>
                <![CDATA[Healthcare]]>
              </value>
            </param>
          </params>
          <exception class="org.openqa.selenium.WebDriverException">
            <message>
              <![CDATA[Timed out waiting for driver server to stop.
Build info: version: '4.4.0', revision: 'e5c75ed026a'
System info: host: 'DESKTOP-BP0PLMU', ip: '192.168.1.28', os.name: 'Windows 11', os.arch: 'amd64', os.version: '10.0', java.version: '17.0.2'
Driver info: org.openqa.selenium.chrome.ChromeDriver
Command: [f22ae8442718b9d1f79baf6391545415, quit {}]
Capabilities {acceptInsecureCerts: false, browserName: chrome, browserVersion: 111.0.5563.148, chrome: {chromedriverVersion: 111.0.5563.64 (c710e93d5b63..., userDataDir: C:\Users\ANITHA\AppData\Loc...}, goog:chromeOptions: {debuggerAddress: localhost:64533}, networkConnectionEnabled: false, pageLoadStrategy: normal, platformName: WINDOWS, proxy: Proxy(), se:cdp: ws://localhost:64533/devtoo..., se:cdpVersion: 111.0.5563.148, setWindowRect: true, strictFileInteractability: false, timeouts: {implicit: 0, pageLoad: 300000, script: 30000}, unhandledPromptBehavior: dismiss and notify, webauthn:extension:credBlob: true, webauthn:extension:largeBlob: true, webauthn:extension:minPinLength: true, webauthn:extension:prf: true, webauthn:virtualAuthenticators: true}
Session ID: f22ae8442718b9d1f79baf6391545415]]>
            </message>
            <full-stacktrace>
              <![CDATA[org.openqa.selenium.WebDriverException: Timed out waiting for driver server to stop.
Build info: version: '4.4.0', revision: 'e5c75ed026a'
System info: host: 'DESKTOP-BP0PLMU', ip: '192.168.1.28', os.name: 'Windows 11', os.arch: 'amd64', os.version: '10.0', java.version: '17.0.2'
Driver info: org.openqa.selenium.chrome.ChromeDriver
Command: [f22ae8442718b9d1f79baf6391545415, quit {}]
Capabilities {acceptInsecureCerts: false, browserName: chrome, browserVersion: 111.0.5563.148, chrome: {chromedriverVersion: 111.0.5563.64 (c710e93d5b63..., userDataDir: C:\Users\ANITHA\AppData\Loc...}, goog:chromeOptions: {debuggerAddress: localhost:64533}, networkConnectionEnabled: false, pageLoadStrategy: normal, platformName: WINDOWS, proxy: Proxy(), se:cdp: ws://localhost:64533/devtoo..., se:cdpVersion: 111.0.5563.148, setWindowRect: true, strictFileInteractability: false, timeouts: {implicit: 0, pageLoad: 300000, script: 30000}, unhandledPromptBehavior: dismiss and notify, webauthn:extension:credBlob: true, webauthn:extension:largeBlob: true, webauthn:extension:minPinLength: true, webauthn:extension:prf: true, webauthn:virtualAuthenticators: true}
Session ID: f22ae8442718b9d1f79baf6391545415
at org.openqa.selenium.remote.service.DriverCommandExecutor.execute(DriverCommandExecutor.java:132)
at org.openqa.selenium.remote.RemoteWebDriver.execute(RemoteWebDriver.java:547)
at org.openqa.selenium.remote.RemoteWebDriver.execute(RemoteWebDriver.java:602)
at org.openqa.selenium.remote.RemoteWebDriver.execute(RemoteWebDriver.java:606)
at org.openqa.selenium.remote.RemoteWebDriver.quit(RemoteWebDriver.java:443)
at org.openqa.selenium.chromium.ChromiumDriver.quit(ChromiumDriver.java:280)
at vtiger.Practice.CreateMultipleOrgTest.createOrgTest(CreateMultipleOrgTest.java:82)
at java.base/jdk.internal.reflect.NativeMethodAccessorImpl.invoke0(Native Method)
at java.base/jdk.internal.reflect.NativeMethodAccessorImpl.invoke(NativeMethodAccessorImpl.java:77)
at java.base/jdk.internal.reflect.DelegatingMethodAccessorImpl.invoke(DelegatingMethodAccessorImpl.java:43)
at java.base/java.lang.reflect.Method.invoke(Method.java:568)
at org.testng.internal.MethodInvocationHelper.invokeMethod(MethodInvocationHelper.java:133)
at org.testng.internal.TestInvoker.invokeMethod(TestInvoker.java:598)
at org.testng.internal.TestInvoker.invokeTestMethod(TestInvoker.java:173)
at org.testng.internal.MethodRunner.runInSequence(MethodRunner.java:46)
at org.testng.internal.TestInvoker$MethodInvocationAgent.invoke(TestInvoker.java:824)
at org.testng.internal.TestInvoker.invokeTestMethods(TestInvoker.java:146)
at org.testng.internal.TestMethodWorker.invokeTestMethods(TestMethodWorker.java:146)
at org.testng.internal.TestMethodWorker.run(TestMethodWorker.java:128)
at java.base/java.util.ArrayList.forEach(ArrayList.java:1511)
at org.testng.TestRunner.privateRun(TestRunner.java:794)
at org.testng.TestRunner.run(TestRunner.java:596)
at org.testng.SuiteRunner.runTest(SuiteRunner.java:377)
at org.testng.SuiteRunner.runSequentially(SuiteRunner.java:371)
at org.testng.SuiteRunner.privateRun(SuiteRunner.java:332)
at org.testng.SuiteRunner.run(SuiteRunner.java:276)
at org.testng.SuiteRunnerWorker.runSuite(SuiteRunnerWorker.java:53)
at org.testng.SuiteRunnerWorker.run(SuiteRunnerWorker.java:96)
at org.testng.TestNG.runSuitesSequentially(TestNG.java:1212)
at org.testng.TestNG.runSuitesLocally(TestNG.java:1134)
at org.testng.TestNG.runSuites(TestNG.java:1063)
at org.testng.TestNG.run(TestNG.java:1031)
at org.apache.maven.surefire.testng.TestNGExecutor.run(TestNGExecutor.java:155)
at org.apache.maven.surefire.testng.TestNGDirectoryTestSuite.executeMulti(TestNGDirectoryTestSuite.java:169)
at org.apache.maven.surefire.testng.TestNGDirectoryTestSuite.execute(TestNGDirectoryTestSuite.java:88)
at org.apache.maven.surefire.testng.TestNGProvider.invoke(TestNGProvider.java:137)
at org.apache.maven.surefire.booter.ForkedBooter.runSuitesInProcess(ForkedBooter.java:385)
at org.apache.maven.surefire.booter.ForkedBooter.execute(ForkedBooter.java:162)
at org.apache.maven.surefire.booter.ForkedBooter.run(ForkedBooter.java:507)
at org.apache.maven.surefire.booter.ForkedBooter.main(ForkedBooter.java:495)
Caused by: java.util.concurrent.ExecutionException: org.openqa.selenium.TimeoutException: Process timed out after waiting for 20000 ms.
Build info: version: '4.4.0', revision: 'e5c75ed026a'
System info: host: 'DESKTOP-BP0PLMU', ip: '192.168.1.28', os.name: 'Windows 11', os.arch: 'amd64', os.version: '10.0', java.version: '17.0.2'
Driver info: driver.version: unknown
at java.base/java.util.concurrent.CompletableFuture.reportGet(CompletableFuture.java:396)
at java.base/java.util.concurrent.CompletableFuture.get(CompletableFuture.java:2096)
at org.openqa.selenium.remote.service.DriverCommandExecutor.execute(DriverCommandExecutor.java:128)
... 39 more
Caused by: org.openqa.selenium.TimeoutException: Process timed out after waiting for 20000 ms.
Build info: version: '4.4.0', revision: 'e5c75ed026a'
System info: host: 'DESKTOP-BP0PLMU', ip: '192.168.1.28', os.name: 'Windows 11', os.arch: 'amd64', os.version: '10.0', java.version: '17.0.2'
Driver info: driver.version: unknown
at org.openqa.selenium.os.OsProcess.waitFor(OsProcess.java:174)
at org.openqa.selenium.os.CommandLine.waitFor(CommandLine.java:114)
at org.openqa.selenium.remote.service.DriverCommandExecutor.lambda$execute$2(DriverCommandExecutor.java:122)
at java.base/java.util.concurrent.CompletableFuture$AsyncSupply.run(CompletableFuture.java:1768)
at java.base/java.util.concurrent.ThreadPoolExecutor.runWorker(ThreadPoolExecutor.java:1136)
at java.base/java.util.concurrent.ThreadPoolExecutor$Worker.run(ThreadPoolExecutor.java:635)
at java.base/java.lang.Thread.run(Thread.java:833)
]]>
            </full-stacktrace>
          </exception> <!-- org.openqa.selenium.WebDriverException -->
          <reporter-output>
          </reporter-output>
        </test-method> <!-- createOrgTest -->
        <test-method signature="createOrgTest(java.lang.String,java.lang.String)[pri:0, instance:vtiger.Practice.CreateMultipleOrgTest@7ee955a8]" started-at="2023-04-07T11:44:22 IST" name="createOrgTest" data-provider="OrgWithIndustry" finished-at="2023-04-07T11:46:12 IST" duration-ms="110442" status="FAIL">
          <params>
            <param index="0">
              <value>
                <![CDATA[Infosys]]>
              </value>
            </param>
            <param index="1">
              <value>
                <![CDATA[Banking]]>
              </value>
            </param>
          </params>
          <exception class="org.openqa.selenium.WebDriverException">
            <message>
              <![CDATA[Timed out waiting for driver server to stop.
Build info: version: '4.4.0', revision: 'e5c75ed026a'
System info: host: 'DESKTOP-BP0PLMU', ip: '192.168.1.28', os.name: 'Windows 11', os.arch: 'amd64', os.version: '10.0', java.version: '17.0.2'
Driver info: org.openqa.selenium.chrome.ChromeDriver
Command: [727e6038aa04a836f307394d769061eb, quit {}]
Capabilities {acceptInsecureCerts: false, browserName: chrome, browserVersion: 111.0.5563.148, chrome: {chromedriverVersion: 111.0.5563.64 (c710e93d5b63..., userDataDir: C:\Users\ANITHA\AppData\Loc...}, goog:chromeOptions: {debuggerAddress: localhost:64581}, networkConnectionEnabled: false, pageLoadStrategy: normal, platformName: WINDOWS, proxy: Proxy(), se:cdp: ws://localhost:64581/devtoo..., se:cdpVersion: 111.0.5563.148, setWindowRect: true, strictFileInteractability: false, timeouts: {implicit: 0, pageLoad: 300000, script: 30000}, unhandledPromptBehavior: dismiss and notify, webauthn:extension:credBlob: true, webauthn:extension:largeBlob: true, webauthn:extension:minPinLength: true, webauthn:extension:prf: true, webauthn:virtualAuthenticators: true}
Session ID: 727e6038aa04a836f307394d769061eb]]>
            </message>
            <full-stacktrace>
              <![CDATA[org.openqa.selenium.WebDriverException: Timed out waiting for driver server to stop.
Build info: version: '4.4.0', revision: 'e5c75ed026a'
System info: host: 'DESKTOP-BP0PLMU', ip: '192.168.1.28', os.name: 'Windows 11', os.arch: 'amd64', os.version: '10.0', java.version: '17.0.2'
Driver info: org.openqa.selenium.chrome.ChromeDriver
Command: [727e6038aa04a836f307394d769061eb, quit {}]
Capabilities {acceptInsecureCerts: false, browserName: chrome, browserVersion: 111.0.5563.148, chrome: {chromedriverVersion: 111.0.5563.64 (c710e93d5b63..., userDataDir: C:\Users\ANITHA\AppData\Loc...}, goog:chromeOptions: {debuggerAddress: localhost:64581}, networkConnectionEnabled: false, pageLoadStrategy: normal, platformName: WINDOWS, proxy: Proxy(), se:cdp: ws://localhost:64581/devtoo..., se:cdpVersion: 111.0.5563.148, setWindowRect: true, strictFileInteractability: false, timeouts: {implicit: 0, pageLoad: 300000, script: 30000}, unhandledPromptBehavior: dismiss and notify, webauthn:extension:credBlob: true, webauthn:extension:largeBlob: true, webauthn:extension:minPinLength: true, webauthn:extension:prf: true, webauthn:virtualAuthenticators: true}
Session ID: 727e6038aa04a836f307394d769061eb
at org.openqa.selenium.remote.service.DriverCommandExecutor.execute(DriverCommandExecutor.java:132)
at org.openqa.selenium.remote.RemoteWebDriver.execute(RemoteWebDriver.java:547)
at org.openqa.selenium.remote.RemoteWebDriver.execute(RemoteWebDriver.java:602)
at org.openqa.selenium.remote.RemoteWebDriver.execute(RemoteWebDriver.java:606)
at org.openqa.selenium.remote.RemoteWebDriver.quit(RemoteWebDriver.java:443)
at org.openqa.selenium.chromium.ChromiumDriver.quit(ChromiumDriver.java:280)
at vtiger.Practice.CreateMultipleOrgTest.createOrgTest(CreateMultipleOrgTest.java:82)
at java.base/jdk.internal.reflect.NativeMethodAccessorImpl.invoke0(Native Method)
at java.base/jdk.internal.reflect.NativeMethodAccessorImpl.invoke(NativeMethodAccessorImpl.java:77)
at java.base/jdk.internal.reflect.DelegatingMethodAccessorImpl.invoke(DelegatingMethodAccessorImpl.java:43)
at java.base/java.lang.reflect.Method.invoke(Method.java:568)
at org.testng.internal.MethodInvocationHelper.invokeMethod(MethodInvocationHelper.java:133)
at org.testng.internal.TestInvoker.invokeMethod(TestInvoker.java:598)
at org.testng.internal.TestInvoker.invokeTestMethod(TestInvoker.java:173)
at org.testng.internal.MethodRunner.runInSequence(MethodRunner.java:46)
at org.testng.internal.TestInvoker$MethodInvocationAgent.invoke(TestInvoker.java:824)
at org.testng.internal.TestInvoker.invokeTestMethods(TestInvoker.java:146)
at org.testng.internal.TestMethodWorker.invokeTestMethods(TestMethodWorker.java:146)
at org.testng.internal.TestMethodWorker.run(TestMethodWorker.java:128)
at java.base/java.util.ArrayList.forEach(ArrayList.java:1511)
at org.testng.TestRunner.privateRun(TestRunner.java:794)
at org.testng.TestRunner.run(TestRunner.java:596)
at org.testng.SuiteRunner.runTest(SuiteRunner.java:377)
at org.testng.SuiteRunner.runSequentially(SuiteRunner.java:371)
at org.testng.SuiteRunner.privateRun(SuiteRunner.java:332)
at org.testng.SuiteRunner.run(SuiteRunner.java:276)
at org.testng.SuiteRunnerWorker.runSuite(SuiteRunnerWorker.java:53)
at org.testng.SuiteRunnerWorker.run(SuiteRunnerWorker.java:96)
at org.testng.TestNG.runSuitesSequentially(TestNG.java:1212)
at org.testng.TestNG.runSuitesLocally(TestNG.java:1134)
at org.testng.TestNG.runSuites(TestNG.java:1063)
at org.testng.TestNG.run(TestNG.java:1031)
at org.apache.maven.surefire.testng.TestNGExecutor.run(TestNGExecutor.java:155)
at org.apache.maven.surefire.testng.TestNGDirectoryTestSuite.executeMulti(TestNGDirectoryTestSuite.java:169)
at org.apache.maven.surefire.testng.TestNGDirectoryTestSuite.execute(TestNGDirectoryTestSuite.java:88)
at org.apache.maven.surefire.testng.TestNGProvider.invoke(TestNGProvider.java:137)
at org.apache.maven.surefire.booter.ForkedBooter.runSuitesInProcess(ForkedBooter.java:385)
at org.apache.maven.surefire.booter.ForkedBooter.execute(ForkedBooter.java:162)
at org.apache.maven.surefire.booter.ForkedBooter.run(ForkedBooter.java:507)
at org.apache.maven.surefire.booter.ForkedBooter.main(ForkedBooter.java:495)
Caused by: java.util.concurrent.ExecutionException: org.openqa.selenium.TimeoutException: Process timed out after waiting for 20000 ms.
Build info: version: '4.4.0', revision: 'e5c75ed026a'
System info: host: 'DESKTOP-BP0PLMU', ip: '192.168.1.28', os.name: 'Windows 11', os.arch: 'amd64', os.version: '10.0', java.version: '17.0.2'
Driver info: driver.version: unknown
at java.base/java.util.concurrent.CompletableFuture.reportGet(CompletableFuture.java:396)
at java.base/java.util.concurrent.CompletableFuture.get(CompletableFuture.java:2096)
at org.openqa.selenium.remote.service.DriverCommandExecutor.execute(DriverCommandExecutor.java:128)
... 39 more
Caused by: org.openqa.selenium.TimeoutException: Process timed out after waiting for 20000 ms.
Build info: version: '4.4.0', revision: 'e5c75ed026a'
System info: host: 'DESKTOP-BP0PLMU', ip: '192.168.1.28', os.name: 'Windows 11', os.arch: 'amd64', os.version: '10.0', java.version: '17.0.2'
Driver info: driver.version: unknown
at org.openqa.selenium.os.OsProcess.waitFor(OsProcess.java:174)
at org.openqa.selenium.os.CommandLine.waitFor(CommandLine.java:114)
at org.openqa.selenium.remote.service.DriverCommandExecutor.lambda$execute$2(DriverCommandExecutor.java:122)
at java.base/java.util.concurrent.CompletableFuture$AsyncSupply.run(CompletableFuture.java:1768)
at java.base/java.util.concurrent.ThreadPoolExecutor.runWorker(ThreadPoolExecutor.java:1136)
at java.base/java.util.concurrent.ThreadPoolExecutor$Worker.run(ThreadPoolExecutor.java:635)
at java.base/java.lang.Thread.run(Thread.java:833)
]]>
            </full-stacktrace>
          </exception> <!-- org.openqa.selenium.WebDriverException -->
          <reporter-output>
          </reporter-output>
        </test-method> <!-- createOrgTest -->
      </class> <!-- vtiger.Practice.CreateMultipleOrgTest -->
      <class name="vtiger.Organization.Tests.CreateMultipleOrgTest">
        <test-method is-config="true" signature="bcConfiguration()[pri:0, instance:vtiger.Organization.Tests.CreateMultipleOrgTest@7c469c48]" started-at="2023-04-07T11:34:28 IST" name="bcConfiguration" finished-at="2023-04-07T11:34:34 IST" duration-ms="6153" status="PASS">
          <reporter-output>
          </reporter-output>
        </test-method> <!-- bcConfiguration -->
        <test-method is-config="true" signature="bmConfiguration()[pri:0, instance:vtiger.Organization.Tests.CreateMultipleOrgTest@7c469c48]" started-at="2023-04-07T11:34:34 IST" name="bmConfiguration" finished-at="2023-04-07T11:34:47 IST" duration-ms="13310" status="PASS">
          <reporter-output>
          </reporter-output>
        </test-method> <!-- bmConfiguration -->
        <test-method signature="createOrgTest(java.lang.String,java.lang.String)[pri:0, instance:vtiger.Organization.Tests.CreateMultipleOrgTest@7c469c48]" started-at="2023-04-07T11:34:47 IST" name="createOrgTest" data-provider="OrgWithIndustry" finished-at="2023-04-07T11:35:31 IST" duration-ms="43551" status="PASS">
          <params>
            <param index="0">
              <value>
                <![CDATA[Wipro]]>
              </value>
            </param>
            <param index="1">
              <value>
                <![CDATA[Education]]>
              </value>
            </param>
          </params>
          <reporter-output>
          </reporter-output>
        </test-method> <!-- createOrgTest -->
        <test-method is-config="true" signature="amConfiguration()[pri:0, instance:vtiger.Organization.Tests.CreateMultipleOrgTest@7c469c48]" started-at="2023-04-07T11:35:31 IST" name="amConfiguration" finished-at="2023-04-07T11:35:39 IST" duration-ms="7974" status="PASS">
          <reporter-output>
          </reporter-output>
        </test-method> <!-- amConfiguration -->
        <test-method is-config="true" signature="bmConfiguration()[pri:0, instance:vtiger.Organization.Tests.CreateMultipleOrgTest@7c469c48]" started-at="2023-04-07T11:35:39 IST" name="bmConfiguration" finished-at="2023-04-07T11:35:53 IST" duration-ms="13946" status="PASS">
          <reporter-output>
          </reporter-output>
        </test-method> <!-- bmConfiguration -->
        <test-method signature="createOrgTest(java.lang.String,java.lang.String)[pri:0, instance:vtiger.Organization.Tests.CreateMultipleOrgTest@7c469c48]" started-at="2023-04-07T11:35:53 IST" name="createOrgTest" data-provider="OrgWithIndustry" finished-at="2023-04-07T11:36:40 IST" duration-ms="47004" status="PASS">
          <params>
            <param index="0">
              <value>
                <![CDATA[Samsung]]>
              </value>
            </param>
            <param index="1">
              <value>
                <![CDATA[Energy]]>
              </value>
            </param>
          </params>
          <reporter-output>
          </reporter-output>
        </test-method> <!-- createOrgTest -->
        <test-method is-config="true" signature="amConfiguration()[pri:0, instance:vtiger.Organization.Tests.CreateMultipleOrgTest@7c469c48]" started-at="2023-04-07T11:36:40 IST" name="amConfiguration" finished-at="2023-04-07T11:36:46 IST" duration-ms="6118" status="PASS">
          <reporter-output>
          </reporter-output>
        </test-method> <!-- amConfiguration -->
        <test-method is-config="true" signature="bmConfiguration()[pri:0, instance:vtiger.Organization.Tests.CreateMultipleOrgTest@7c469c48]" started-at="2023-04-07T11:36:46 IST" name="bmConfiguration" finished-at="2023-04-07T11:36:56 IST" duration-ms="10426" status="PASS">
          <reporter-output>
          </reporter-output>
        </test-method> <!-- bmConfiguration -->
        <test-method signature="createOrgTest(java.lang.String,java.lang.String)[pri:0, instance:vtiger.Organization.Tests.CreateMultipleOrgTest@7c469c48]" started-at="2023-04-07T11:36:56 IST" name="createOrgTest" data-provider="OrgWithIndustry" finished-at="2023-04-07T11:37:43 IST" duration-ms="47281" status="PASS">
          <params>
            <param index="0">
              <value>
                <![CDATA[Google]]>
              </value>
            </param>
            <param index="1">
              <value>
                <![CDATA[Healthcare]]>
              </value>
            </param>
          </params>
          <reporter-output>
          </reporter-output>
        </test-method> <!-- createOrgTest -->
        <test-method is-config="true" signature="amConfiguration()[pri:0, instance:vtiger.Organization.Tests.CreateMultipleOrgTest@7c469c48]" started-at="2023-04-07T11:37:43 IST" name="amConfiguration" finished-at="2023-04-07T11:37:50 IST" duration-ms="6892" status="PASS">
          <reporter-output>
          </reporter-output>
        </test-method> <!-- amConfiguration -->
        <test-method is-config="true" signature="bmConfiguration()[pri:0, instance:vtiger.Organization.Tests.CreateMultipleOrgTest@7c469c48]" started-at="2023-04-07T11:37:50 IST" name="bmConfiguration" finished-at="2023-04-07T11:38:03 IST" duration-ms="12364" status="PASS">
          <reporter-output>
          </reporter-output>
        </test-method> <!-- bmConfiguration -->
        <test-method signature="createOrgTest(java.lang.String,java.lang.String)[pri:0, instance:vtiger.Organization.Tests.CreateMultipleOrgTest@7c469c48]" started-at="2023-04-07T11:38:03 IST" name="createOrgTest" data-provider="OrgWithIndustry" finished-at="2023-04-07T11:38:54 IST" duration-ms="51404" status="PASS">
          <params>
            <param index="0">
              <value>
                <![CDATA[Infosys]]>
              </value>
            </param>
            <param index="1">
              <value>
                <![CDATA[Banking]]>
              </value>
            </param>
          </params>
          <reporter-output>
          </reporter-output>
        </test-method> <!-- createOrgTest -->
        <test-method is-config="true" signature="amConfiguration()[pri:0, instance:vtiger.Organization.Tests.CreateMultipleOrgTest@7c469c48]" started-at="2023-04-07T11:38:54 IST" name="amConfiguration" finished-at="2023-04-07T11:39:02 IST" duration-ms="7516" status="PASS">
          <reporter-output>
          </reporter-output>
        </test-method> <!-- amConfiguration -->
        <test-method is-config="true" signature="acConfiguration()[pri:0, instance:vtiger.Organization.Tests.CreateMultipleOrgTest@7c469c48]" started-at="2023-04-07T11:39:02 IST" name="acConfiguration" finished-at="2023-04-07T11:39:11 IST" duration-ms="9666" status="PASS">
          <reporter-output>
          </reporter-output>
        </test-method> <!-- acConfiguration -->
      </class> <!-- vtiger.Organization.Tests.CreateMultipleOrgTest -->
      <class name="vtiger.Contacts.Tests.CreateContactWithOrganizationTest">
        <test-method is-config="true" signature="bsConfiguration()[pri:0, instance:vtiger.Contacts.Tests.CreateContactWithOrganizationTest@5276e6b0]" started-at="2023-04-07T11:32:20 IST" name="bsConfiguration" finished-at="2023-04-07T11:32:20 IST" duration-ms="18" status="PASS">
          <reporter-output>
          </reporter-output>
        </test-method> <!-- bsConfiguration -->
        <test-method is-config="true" signature="bcConfiguration()[pri:0, instance:vtiger.Contacts.Tests.CreateContactWithOrganizationTest@5276e6b0]" started-at="2023-04-07T11:32:20 IST" name="bcConfiguration" finished-at="2023-04-07T11:32:32 IST" duration-ms="11613" status="PASS">
          <reporter-output>
          </reporter-output>
        </test-method> <!-- bcConfiguration -->
        <test-method is-config="true" signature="bmConfiguration()[pri:0, instance:vtiger.Contacts.Tests.CreateContactWithOrganizationTest@5276e6b0]" started-at="2023-04-07T11:32:32 IST" name="bmConfiguration" finished-at="2023-04-07T11:32:46 IST" duration-ms="13902" status="PASS">
          <reporter-output>
          </reporter-output>
        </test-method> <!-- bmConfiguration -->
        <test-method signature="createContactWithOrgTest()[pri:0, instance:vtiger.Contacts.Tests.CreateContactWithOrganizationTest@5276e6b0]" started-at="2023-04-07T11:32:46 IST" name="createContactWithOrgTest" finished-at="2023-04-07T11:34:22 IST" duration-ms="96096" status="PASS">
          <reporter-output>
          </reporter-output>
        </test-method> <!-- createContactWithOrgTest -->
        <test-method is-config="true" signature="amConfiguration()[pri:0, instance:vtiger.Contacts.Tests.CreateContactWithOrganizationTest@5276e6b0]" started-at="2023-04-07T11:34:22 IST" name="amConfiguration" finished-at="2023-04-07T11:34:26 IST" duration-ms="4240" status="PASS">
          <reporter-output>
          </reporter-output>
        </test-method> <!-- amConfiguration -->
        <test-method is-config="true" signature="acConfiguration()[pri:0, instance:vtiger.Contacts.Tests.CreateContactWithOrganizationTest@5276e6b0]" started-at="2023-04-07T11:34:26 IST" name="acConfiguration" finished-at="2023-04-07T11:34:28 IST" duration-ms="1678" status="PASS">
          <reporter-output>
          </reporter-output>
        </test-method> <!-- acConfiguration -->
        <test-method is-config="true" signature="asConfiguration()[pri:0, instance:vtiger.Contacts.Tests.CreateContactWithOrganizationTest@5276e6b0]" started-at="2023-04-07T11:46:13 IST" name="asConfiguration" finished-at="2023-04-07T11:46:13 IST" duration-ms="1" status="PASS">
          <reporter-output>
          </reporter-output>
        </test-method> <!-- asConfiguration -->
      </class> <!-- vtiger.Contacts.Tests.CreateContactWithOrganizationTest -->
      <class name="vtiger.Organization.Tests.CreateOrganizationTest">
        <test-method is-config="true" signature="bcConfiguration()[pri:0, instance:vtiger.Organization.Tests.CreateOrganizationTest@12e61fe6]" started-at="2023-04-07T11:39:11 IST" name="bcConfiguration" finished-at="2023-04-07T11:39:20 IST" duration-ms="8286" status="PASS">
          <reporter-output>
          </reporter-output>
        </test-method> <!-- bcConfiguration -->
        <test-method is-config="true" signature="bmConfiguration()[pri:0, instance:vtiger.Organization.Tests.CreateOrganizationTest@12e61fe6]" started-at="2023-04-07T11:39:20 IST" name="bmConfiguration" finished-at="2023-04-07T11:39:32 IST" duration-ms="12743" status="PASS">
          <reporter-output>
          </reporter-output>
        </test-method> <!-- bmConfiguration -->
        <test-method signature="createOrgTest()[pri:0, instance:vtiger.Organization.Tests.CreateOrganizationTest@12e61fe6]" started-at="2023-04-07T11:39:32 IST" name="createOrgTest" finished-at="2023-04-07T11:40:06 IST" duration-ms="33840" status="FAIL">
          <exception class="org.openqa.selenium.NoSuchElementException">
            <message>
              <![CDATA[Unable to find element with locator By.xpath: //span[@class='dvHeaderText']
For documentation on this error, please visit: https://selenium.dev/exceptions/#no_such_element
Build info: version: '4.4.0', revision: 'e5c75ed026a'
System info: host: 'DESKTOP-BP0PLMU', ip: '192.168.1.28', os.name: 'Windows 11', os.arch: 'amd64', os.version: '10.0', java.version: '17.0.2'
Driver info: driver.version: RemoteWebDriver]]>
            </message>
            <full-stacktrace>
              <![CDATA[org.openqa.selenium.NoSuchElementException: Unable to find element with locator By.xpath: //span[@class='dvHeaderText']
For documentation on this error, please visit: https://selenium.dev/exceptions/#no_such_element
Build info: version: '4.4.0', revision: 'e5c75ed026a'
System info: host: 'DESKTOP-BP0PLMU', ip: '192.168.1.28', os.name: 'Windows 11', os.arch: 'amd64', os.version: '10.0', java.version: '17.0.2'
Driver info: driver.version: RemoteWebDriver
at org.openqa.selenium.remote.ElementLocation$ElementFinder$2.findElement(ElementLocation.java:165)
at org.openqa.selenium.remote.ElementLocation.findElement(ElementLocation.java:60)
at org.openqa.selenium.remote.RemoteWebDriver.findElement(RemoteWebDriver.java:365)
at org.openqa.selenium.remote.RemoteWebDriver.findElement(RemoteWebDriver.java:357)
at org.openqa.selenium.support.pagefactory.DefaultElementLocator.findElement(DefaultElementLocator.java:70)
at org.openqa.selenium.support.pagefactory.internal.LocatingElementHandler.invoke(LocatingElementHandler.java:39)
at jdk.proxy2/jdk.proxy2.$Proxy18.getText(Unknown Source)
at vtiger_ObjectRepository.OrgInformationPage.getOrnHeader(OrgInformationPage.java:19)
at vtiger.Organization.Tests.CreateOrganizationTest.createOrgTest(CreateOrganizationTest.java:26)
at java.base/jdk.internal.reflect.NativeMethodAccessorImpl.invoke0(Native Method)
at java.base/jdk.internal.reflect.NativeMethodAccessorImpl.invoke(NativeMethodAccessorImpl.java:77)
at java.base/jdk.internal.reflect.DelegatingMethodAccessorImpl.invoke(DelegatingMethodAccessorImpl.java:43)
at java.base/java.lang.reflect.Method.invoke(Method.java:568)
at org.testng.internal.MethodInvocationHelper.invokeMethod(MethodInvocationHelper.java:133)
at org.testng.internal.TestInvoker.invokeMethod(TestInvoker.java:598)
at org.testng.internal.TestInvoker.invokeTestMethod(TestInvoker.java:173)
at org.testng.internal.MethodRunner.runInSequence(MethodRunner.java:46)
at org.testng.internal.TestInvoker$MethodInvocationAgent.invoke(TestInvoker.java:824)
at org.testng.internal.TestInvoker.invokeTestMethods(TestInvoker.java:146)
at org.testng.internal.TestMethodWorker.invokeTestMethods(TestMethodWorker.java:146)
at org.testng.internal.TestMethodWorker.run(TestMethodWorker.java:128)
at java.base/java.util.ArrayList.forEach(ArrayList.java:1511)
at org.testng.TestRunner.privateRun(TestRunner.java:794)
at org.testng.TestRunner.run(TestRunner.java:596)
at org.testng.SuiteRunner.runTest(SuiteRunner.java:377)
at org.testng.SuiteRunner.runSequentially(SuiteRunner.java:371)
at org.testng.SuiteRunner.privateRun(SuiteRunner.java:332)
at org.testng.SuiteRunner.run(SuiteRunner.java:276)
at org.testng.SuiteRunnerWorker.runSuite(SuiteRunnerWorker.java:53)
at org.testng.SuiteRunnerWorker.run(SuiteRunnerWorker.java:96)
at org.testng.TestNG.runSuitesSequentially(TestNG.java:1212)
at org.testng.TestNG.runSuitesLocally(TestNG.java:1134)
at org.testng.TestNG.runSuites(TestNG.java:1063)
at org.testng.TestNG.run(TestNG.java:1031)
at org.apache.maven.surefire.testng.TestNGExecutor.run(TestNGExecutor.java:155)
at org.apache.maven.surefire.testng.TestNGDirectoryTestSuite.executeMulti(TestNGDirectoryTestSuite.java:169)
at org.apache.maven.surefire.testng.TestNGDirectoryTestSuite.execute(TestNGDirectoryTestSuite.java:88)
at org.apache.maven.surefire.testng.TestNGProvider.invoke(TestNGProvider.java:137)
at org.apache.maven.surefire.booter.ForkedBooter.runSuitesInProcess(ForkedBooter.java:385)
at org.apache.maven.surefire.booter.ForkedBooter.execute(ForkedBooter.java:162)
at org.apache.maven.surefire.booter.ForkedBooter.run(ForkedBooter.java:507)
at org.apache.maven.surefire.booter.ForkedBooter.main(ForkedBooter.java:495)
]]>
            </full-stacktrace>
          </exception> <!-- org.openqa.selenium.NoSuchElementException -->
          <reporter-output>
          </reporter-output>
        </test-method> <!-- createOrgTest -->
        <test-method is-config="true" signature="amConfiguration()[pri:0, instance:vtiger.Organization.Tests.CreateOrganizationTest@12e61fe6]" started-at="2023-04-07T11:40:06 IST" name="amConfiguration" finished-at="2023-04-07T11:40:07 IST" duration-ms="283" status="FAIL">
          <exception class="org.openqa.selenium.json.JsonException">
            <message>
              <![CDATA[java.lang.reflect.InvocationTargetException
Build info: version: '4.4.0', revision: 'e5c75ed026a'
System info: host: 'DESKTOP-BP0PLMU', ip: '192.168.1.28', os.name: 'Windows 11', os.arch: 'amd64', os.version: '10.0', java.version: '17.0.2'
Driver info: org.openqa.selenium.chrome.ChromeDriver
Command: [1908534dd34612c24cc843f836802c42, actions {actions=[org.openqa.selenium.interactions.Sequence@32ec9c90]}]
Capabilities {acceptInsecureCerts: false, browserName: chrome, browserVersion: 111.0.5563.148, chrome: {chromedriverVersion: 111.0.5563.64 (c710e93d5b63..., userDataDir: C:\Users\ANITHA\AppData\Loc...}, goog:chromeOptions: {debuggerAddress: localhost:64382}, networkConnectionEnabled: false, pageLoadStrategy: normal, platformName: WINDOWS, proxy: Proxy(), se:cdp: ws://localhost:64382/devtoo..., se:cdpVersion: 111.0.5563.148, setWindowRect: true, strictFileInteractability: false, timeouts: {implicit: 0, pageLoad: 300000, script: 30000}, unhandledPromptBehavior: dismiss and notify, webauthn:extension:credBlob: true, webauthn:extension:largeBlob: true, webauthn:extension:minPinLength: true, webauthn:extension:prf: true, webauthn:virtualAuthenticators: true}
Session ID: 1908534dd34612c24cc843f836802c42]]>
            </message>
            <full-stacktrace>
              <![CDATA[org.openqa.selenium.json.JsonException: java.lang.reflect.InvocationTargetException
Build info: version: '4.4.0', revision: 'e5c75ed026a'
System info: host: 'DESKTOP-BP0PLMU', ip: '192.168.1.28', os.name: 'Windows 11', os.arch: 'amd64', os.version: '10.0', java.version: '17.0.2'
Driver info: org.openqa.selenium.chrome.ChromeDriver
Command: [1908534dd34612c24cc843f836802c42, actions {actions=[org.openqa.selenium.interactions.Sequence@32ec9c90]}]
Capabilities {acceptInsecureCerts: false, browserName: chrome, browserVersion: 111.0.5563.148, chrome: {chromedriverVersion: 111.0.5563.64 (c710e93d5b63..., userDataDir: C:\Users\ANITHA\AppData\Loc...}, goog:chromeOptions: {debuggerAddress: localhost:64382}, networkConnectionEnabled: false, pageLoadStrategy: normal, platformName: WINDOWS, proxy: Proxy(), se:cdp: ws://localhost:64382/devtoo..., se:cdpVersion: 111.0.5563.148, setWindowRect: true, strictFileInteractability: false, timeouts: {implicit: 0, pageLoad: 300000, script: 30000}, unhandledPromptBehavior: dismiss and notify, webauthn:extension:credBlob: true, webauthn:extension:largeBlob: true, webauthn:extension:minPinLength: true, webauthn:extension:prf: true, webauthn:virtualAuthenticators: true}
Session ID: 1908534dd34612c24cc843f836802c42
at org.openqa.selenium.json.JsonOutput.convertUsingMethod(JsonOutput.java:362)
at org.openqa.selenium.json.JsonOutput.lambda$new$16(JsonOutput.java:154)
at org.openqa.selenium.json.JsonOutput.write(JsonOutput.java:287)
at org.openqa.selenium.json.JsonOutput.lambda$new$22(JsonOutput.java:169)
at java.base/java.util.stream.ForEachOps$ForEachOp$OfRef.accept(ForEachOps.java:183)
at java.base/java.util.stream.ReferencePipeline$2$1.accept(ReferencePipeline.java:179)
at java.base/java.util.Iterator.forEachRemaining(Iterator.java:133)
at java.base/java.util.Spliterators$IteratorSpliterator.forEachRemaining(Spliterators.java:1845)
at java.base/java.util.stream.AbstractPipeline.copyInto(AbstractPipeline.java:509)
at java.base/java.util.stream.AbstractPipeline.wrapAndCopyInto(AbstractPipeline.java:499)
at java.base/java.util.stream.ForEachOps$ForEachOp.evaluateSequential(ForEachOps.java:150)
at java.base/java.util.stream.ForEachOps$ForEachOp$OfRef.evaluateSequential(ForEachOps.java:173)
at java.base/java.util.stream.AbstractPipeline.evaluate(AbstractPipeline.java:234)
at java.base/java.util.stream.ReferencePipeline.forEach(ReferencePipeline.java:596)
at org.openqa.selenium.json.JsonOutput.lambda$new$23(JsonOutput.java:169)
at org.openqa.selenium.json.JsonOutput.write(JsonOutput.java:287)
at org.openqa.selenium.json.JsonOutput.lambda$new$24(JsonOutput.java:182)
at com.google.common.collect.SingletonImmutableBiMap.forEach(SingletonImmutableBiMap.java:68)
at org.openqa.selenium.json.JsonOutput.lambda$new$25(JsonOutput.java:177)
at org.openqa.selenium.json.JsonOutput.write(JsonOutput.java:287)
at org.openqa.selenium.json.JsonOutput.write(JsonOutput.java:278)
at org.openqa.selenium.json.Json.toJson(Json.java:42)
at org.openqa.selenium.remote.codec.AbstractHttpCommandCodec.encode(AbstractHttpCommandCodec.java:259)
at org.openqa.selenium.remote.codec.AbstractHttpCommandCodec.encode(AbstractHttpCommandCodec.java:127)
at org.openqa.selenium.remote.HttpCommandExecutor.execute(HttpCommandExecutor.java:172)
at org.openqa.selenium.remote.service.DriverCommandExecutor.invokeExecute(DriverCommandExecutor.java:167)
at org.openqa.selenium.remote.service.DriverCommandExecutor.execute(DriverCommandExecutor.java:142)
at org.openqa.selenium.remote.RemoteWebDriver.execute(RemoteWebDriver.java:547)
at org.openqa.selenium.remote.RemoteWebDriver.perform(RemoteWebDriver.java:615)
at org.openqa.selenium.interactions.Actions$BuiltAction.perform(Actions.java:567)
at org.openqa.selenium.interactions.Actions.perform(Actions.java:536)
at Vtiger.GenericUtilities.WebDriverUtilities.mouseHoverAction(WebDriverUtilities.java:110)
at vtiger_ObjectRepository.HomePage.logoutOfApp(HomePage.java:52)
at Vtiger.GenericUtilities.BaseClass.amConfiguration(BaseClass.java:72)
at java.base/jdk.internal.reflect.NativeMethodAccessorImpl.invoke0(Native Method)
at java.base/jdk.internal.reflect.NativeMethodAccessorImpl.invoke(NativeMethodAccessorImpl.java:77)
at java.base/jdk.internal.reflect.DelegatingMethodAccessorImpl.invoke(DelegatingMethodAccessorImpl.java:43)
at java.base/java.lang.reflect.Method.invoke(Method.java:568)
at org.testng.internal.MethodInvocationHelper.invokeMethod(MethodInvocationHelper.java:133)
at org.testng.internal.MethodInvocationHelper.invokeMethodConsideringTimeout(MethodInvocationHelper.java:62)
at org.testng.internal.ConfigInvoker.invokeConfigurationMethod(ConfigInvoker.java:385)
at org.testng.internal.ConfigInvoker.invokeConfigurations(ConfigInvoker.java:321)
at org.testng.internal.TestInvoker.runConfigMethods(TestInvoker.java:700)
at org.testng.internal.TestInvoker.runAfterGroupsConfigurations(TestInvoker.java:676)
at org.testng.internal.TestInvoker.invokeMethod(TestInvoker.java:660)
at org.testng.internal.TestInvoker.invokeTestMethod(TestInvoker.java:173)
at org.testng.internal.MethodRunner.runInSequence(MethodRunner.java:46)
at org.testng.internal.TestInvoker$MethodInvocationAgent.invoke(TestInvoker.java:824)
at org.testng.internal.TestInvoker.invokeTestMethods(TestInvoker.java:146)
at org.testng.internal.TestMethodWorker.invokeTestMethods(TestMethodWorker.java:146)
at org.testng.internal.TestMethodWorker.run(TestMethodWorker.java:128)
at java.base/java.util.ArrayList.forEach(ArrayList.java:1511)
at org.testng.TestRunner.privateRun(TestRunner.java:794)
at org.testng.TestRunner.run(TestRunner.java:596)
at org.testng.SuiteRunner.runTest(SuiteRunner.java:377)
at org.testng.SuiteRunner.runSequentially(SuiteRunner.java:371)
at org.testng.SuiteRunner.privateRun(SuiteRunner.java:332)
at org.testng.SuiteRunner.run(SuiteRunner.java:276)
at org.testng.SuiteRunnerWorker.runSuite(SuiteRunnerWorker.java:53)
at org.testng.SuiteRunnerWorker.run(SuiteRunnerWorker.java:96)
at org.testng.TestNG.runSuitesSequentially(TestNG.java:1212)
at org.testng.TestNG.runSuitesLocally(TestNG.java:1134)
at org.testng.TestNG.runSuites(TestNG.java:1063)
at org.testng.TestNG.run(TestNG.java:1031)
at org.apache.maven.surefire.testng.TestNGExecutor.run(TestNGExecutor.java:155)
at org.apache.maven.surefire.testng.TestNGDirectoryTestSuite.executeMulti(TestNGDirectoryTestSuite.java:169)
at org.apache.maven.surefire.testng.TestNGDirectoryTestSuite.execute(TestNGDirectoryTestSuite.java:88)
at org.apache.maven.surefire.testng.TestNGProvider.invoke(TestNGProvider.java:137)
at org.apache.maven.surefire.booter.ForkedBooter.runSuitesInProcess(ForkedBooter.java:385)
at org.apache.maven.surefire.booter.ForkedBooter.execute(ForkedBooter.java:162)
at org.apache.maven.surefire.booter.ForkedBooter.run(ForkedBooter.java:507)
at org.apache.maven.surefire.booter.ForkedBooter.main(ForkedBooter.java:495)
Suppressed: org.openqa.selenium.json.JsonException: Attempting to close incomplete json stream
Build info: version: '4.4.0', revision: 'e5c75ed026a'
System info: host: 'DESKTOP-BP0PLMU', ip: '192.168.1.28', os.name: 'Windows 11', os.arch: 'amd64', os.version: '10.0', java.version: '17.0.2'
Driver info: driver.version: RemoteWebDriver
at org.openqa.selenium.json.JsonOutput.close(JsonOutput.java:303)
at org.openqa.selenium.json.Json.toJson(Json.java:40)
... 50 more
Caused by: java.lang.reflect.InvocationTargetException
at java.base/jdk.internal.reflect.NativeMethodAccessorImpl.invoke0(Native Method)
at java.base/jdk.internal.reflect.NativeMethodAccessorImpl.invoke(NativeMethodAccessorImpl.java:77)
at java.base/jdk.internal.reflect.DelegatingMethodAccessorImpl.invoke(DelegatingMethodAccessorImpl.java:43)
at java.base/java.lang.reflect.Method.invoke(Method.java:568)
at org.openqa.selenium.json.JsonOutput.convertUsingMethod(JsonOutput.java:358)
... 71 more
Caused by: org.openqa.selenium.UnhandledAlertException: unexpected alert open: {Alert text : Organization Name Already Exists!}
  (Session info: chrome=111.0.5563.148): Organization Name Already Exists!
Build info: version: '4.4.0', revision: 'e5c75ed026a'
System info: host: 'DESKTOP-BP0PLMU', ip: '192.168.1.28', os.name: 'Windows 11', os.arch: 'amd64', os.version: '10.0', java.version: '17.0.2'
Driver info: org.openqa.selenium.chrome.ChromeDriver
Command: [1908534dd34612c24cc843f836802c42, findElement {using=xpath, value=//img[@src='themes/softed/images/user.PNG']}]
Capabilities {acceptInsecureCerts: false, browserName: chrome, browserVersion: 111.0.5563.148, chrome: {chromedriverVersion: 111.0.5563.64 (c710e93d5b63..., userDataDir: C:\Users\ANITHA\AppData\Loc...}, goog:chromeOptions: {debuggerAddress: localhost:64382}, networkConnectionEnabled: false, pageLoadStrategy: normal, platformName: WINDOWS, proxy: Proxy(), se:cdp: ws://localhost:64382/devtoo..., se:cdpVersion: 111.0.5563.148, setWindowRect: true, strictFileInteractability: false, timeouts: {implicit: 0, pageLoad: 300000, script: 30000}, unhandledPromptBehavior: dismiss and notify, webauthn:extension:credBlob: true, webauthn:extension:largeBlob: true, webauthn:extension:minPinLength: true, webauthn:extension:prf: true, webauthn:virtualAuthenticators: true}
Session ID: 1908534dd34612c24cc843f836802c42
at org.openqa.selenium.remote.codec.w3c.W3CHttpResponseCodec.decode(W3CHttpResponseCodec.java:131)
at org.openqa.selenium.remote.codec.w3c.W3CHttpResponseCodec.decode(W3CHttpResponseCodec.java:53)
at org.openqa.selenium.remote.HttpCommandExecutor.execute(HttpCommandExecutor.java:184)
at org.openqa.selenium.remote.service.DriverCommandExecutor.invokeExecute(DriverCommandExecutor.java:167)
at org.openqa.selenium.remote.service.DriverCommandExecutor.execute(DriverCommandExecutor.java:142)
at org.openqa.selenium.remote.RemoteWebDriver.execute(RemoteWebDriver.java:547)
at org.openqa.selenium.remote.ElementLocation$ElementFinder$2.findElement(ElementLocation.java:162)
at org.openqa.selenium.remote.ElementLocation.findElement(ElementLocation.java:60)
at org.openqa.selenium.remote.RemoteWebDriver.findElement(RemoteWebDriver.java:365)
at org.openqa.selenium.remote.RemoteWebDriver.findElement(RemoteWebDriver.java:357)
at org.openqa.selenium.support.pagefactory.DefaultElementLocator.findElement(DefaultElementLocator.java:70)
at org.openqa.selenium.support.pagefactory.internal.LocatingElementHandler.invoke(LocatingElementHandler.java:39)
at jdk.proxy2/jdk.proxy2.$Proxy18.getWrappedElement(Unknown Source)
at org.openqa.selenium.interactions.PointerInput$Origin.asArg(PointerInput.java:260)
at org.openqa.selenium.interactions.PointerInput$Move.encode(PointerInput.java:209)
at org.openqa.selenium.interactions.Sequence.encode(Sequence.java:73)
at org.openqa.selenium.interactions.Sequence.toJson(Sequence.java:82)
... 76 more
]]>
            </full-stacktrace>
          </exception> <!-- org.openqa.selenium.json.JsonException -->
          <reporter-output>
          </reporter-output>
        </test-method> <!-- amConfiguration -->
        <test-method is-config="true" signature="acConfiguration()[pri:0, instance:vtiger.Organization.Tests.CreateOrganizationTest@12e61fe6]" started-at="2023-04-07T11:40:07 IST" name="acConfiguration" finished-at="2023-04-07T11:40:28 IST" duration-ms="21378" status="FAIL">
          <exception class="org.openqa.selenium.WebDriverException">
            <message>
              <![CDATA[Timed out waiting for driver server to stop.
Build info: version: '4.4.0', revision: 'e5c75ed026a'
System info: host: 'DESKTOP-BP0PLMU', ip: '192.168.1.28', os.name: 'Windows 11', os.arch: 'amd64', os.version: '10.0', java.version: '17.0.2'
Driver info: org.openqa.selenium.chrome.ChromeDriver
Command: [1908534dd34612c24cc843f836802c42, quit {}]
Capabilities {acceptInsecureCerts: false, browserName: chrome, browserVersion: 111.0.5563.148, chrome: {chromedriverVersion: 111.0.5563.64 (c710e93d5b63..., userDataDir: C:\Users\ANITHA\AppData\Loc...}, goog:chromeOptions: {debuggerAddress: localhost:64382}, networkConnectionEnabled: false, pageLoadStrategy: normal, platformName: WINDOWS, proxy: Proxy(), se:cdp: ws://localhost:64382/devtoo..., se:cdpVersion: 111.0.5563.148, setWindowRect: true, strictFileInteractability: false, timeouts: {implicit: 0, pageLoad: 300000, script: 30000}, unhandledPromptBehavior: dismiss and notify, webauthn:extension:credBlob: true, webauthn:extension:largeBlob: true, webauthn:extension:minPinLength: true, webauthn:extension:prf: true, webauthn:virtualAuthenticators: true}
Session ID: 1908534dd34612c24cc843f836802c42]]>
            </message>
            <full-stacktrace>
              <![CDATA[org.openqa.selenium.WebDriverException: Timed out waiting for driver server to stop.
Build info: version: '4.4.0', revision: 'e5c75ed026a'
System info: host: 'DESKTOP-BP0PLMU', ip: '192.168.1.28', os.name: 'Windows 11', os.arch: 'amd64', os.version: '10.0', java.version: '17.0.2'
Driver info: org.openqa.selenium.chrome.ChromeDriver
Command: [1908534dd34612c24cc843f836802c42, quit {}]
Capabilities {acceptInsecureCerts: false, browserName: chrome, browserVersion: 111.0.5563.148, chrome: {chromedriverVersion: 111.0.5563.64 (c710e93d5b63..., userDataDir: C:\Users\ANITHA\AppData\Loc...}, goog:chromeOptions: {debuggerAddress: localhost:64382}, networkConnectionEnabled: false, pageLoadStrategy: normal, platformName: WINDOWS, proxy: Proxy(), se:cdp: ws://localhost:64382/devtoo..., se:cdpVersion: 111.0.5563.148, setWindowRect: true, strictFileInteractability: false, timeouts: {implicit: 0, pageLoad: 300000, script: 30000}, unhandledPromptBehavior: dismiss and notify, webauthn:extension:credBlob: true, webauthn:extension:largeBlob: true, webauthn:extension:minPinLength: true, webauthn:extension:prf: true, webauthn:virtualAuthenticators: true}
Session ID: 1908534dd34612c24cc843f836802c42
at org.openqa.selenium.remote.service.DriverCommandExecutor.execute(DriverCommandExecutor.java:132)
at org.openqa.selenium.remote.RemoteWebDriver.execute(RemoteWebDriver.java:547)
at org.openqa.selenium.remote.RemoteWebDriver.execute(RemoteWebDriver.java:602)
at org.openqa.selenium.remote.RemoteWebDriver.execute(RemoteWebDriver.java:606)
at org.openqa.selenium.remote.RemoteWebDriver.quit(RemoteWebDriver.java:443)
at org.openqa.selenium.chromium.ChromiumDriver.quit(ChromiumDriver.java:280)
at Vtiger.GenericUtilities.BaseClass.acConfiguration(BaseClass.java:79)
at java.base/jdk.internal.reflect.NativeMethodAccessorImpl.invoke0(Native Method)
at java.base/jdk.internal.reflect.NativeMethodAccessorImpl.invoke(NativeMethodAccessorImpl.java:77)
at java.base/jdk.internal.reflect.DelegatingMethodAccessorImpl.invoke(DelegatingMethodAccessorImpl.java:43)
at java.base/java.lang.reflect.Method.invoke(Method.java:568)
at org.testng.internal.MethodInvocationHelper.invokeMethod(MethodInvocationHelper.java:133)
at org.testng.internal.MethodInvocationHelper.invokeMethodConsideringTimeout(MethodInvocationHelper.java:62)
at org.testng.internal.ConfigInvoker.invokeConfigurationMethod(ConfigInvoker.java:385)
at org.testng.internal.ConfigInvoker.invokeConfigurations(ConfigInvoker.java:321)
at org.testng.internal.TestMethodWorker.invokeAfterClassMethods(TestMethodWorker.java:217)
at org.testng.internal.TestMethodWorker.run(TestMethodWorker.java:130)
at java.base/java.util.ArrayList.forEach(ArrayList.java:1511)
at org.testng.TestRunner.privateRun(TestRunner.java:794)
at org.testng.TestRunner.run(TestRunner.java:596)
at org.testng.SuiteRunner.runTest(SuiteRunner.java:377)
at org.testng.SuiteRunner.runSequentially(SuiteRunner.java:371)
at org.testng.SuiteRunner.privateRun(SuiteRunner.java:332)
at org.testng.SuiteRunner.run(SuiteRunner.java:276)
at org.testng.SuiteRunnerWorker.runSuite(SuiteRunnerWorker.java:53)
at org.testng.SuiteRunnerWorker.run(SuiteRunnerWorker.java:96)
at org.testng.TestNG.runSuitesSequentially(TestNG.java:1212)
at org.testng.TestNG.runSuitesLocally(TestNG.java:1134)
at org.testng.TestNG.runSuites(TestNG.java:1063)
at org.testng.TestNG.run(TestNG.java:1031)
at org.apache.maven.surefire.testng.TestNGExecutor.run(TestNGExecutor.java:155)
at org.apache.maven.surefire.testng.TestNGDirectoryTestSuite.executeMulti(TestNGDirectoryTestSuite.java:169)
at org.apache.maven.surefire.testng.TestNGDirectoryTestSuite.execute(TestNGDirectoryTestSuite.java:88)
at org.apache.maven.surefire.testng.TestNGProvider.invoke(TestNGProvider.java:137)
at org.apache.maven.surefire.booter.ForkedBooter.runSuitesInProcess(ForkedBooter.java:385)
at org.apache.maven.surefire.booter.ForkedBooter.execute(ForkedBooter.java:162)
at org.apache.maven.surefire.booter.ForkedBooter.run(ForkedBooter.java:507)
at org.apache.maven.surefire.booter.ForkedBooter.main(ForkedBooter.java:495)
Caused by: java.util.concurrent.ExecutionException: org.openqa.selenium.TimeoutException: Process timed out after waiting for 20000 ms.
Build info: version: '4.4.0', revision: 'e5c75ed026a'
System info: host: 'DESKTOP-BP0PLMU', ip: '192.168.1.28', os.name: 'Windows 11', os.arch: 'amd64', os.version: '10.0', java.version: '17.0.2'
Driver info: driver.version: unknown
at java.base/java.util.concurrent.CompletableFuture.reportGet(CompletableFuture.java:396)
at java.base/java.util.concurrent.CompletableFuture.get(CompletableFuture.java:2096)
at org.openqa.selenium.remote.service.DriverCommandExecutor.execute(DriverCommandExecutor.java:128)
... 37 more
Caused by: org.openqa.selenium.TimeoutException: Process timed out after waiting for 20000 ms.
Build info: version: '4.4.0', revision: 'e5c75ed026a'
System info: host: 'DESKTOP-BP0PLMU', ip: '192.168.1.28', os.name: 'Windows 11', os.arch: 'amd64', os.version: '10.0', java.version: '17.0.2'
Driver info: driver.version: unknown
at org.openqa.selenium.os.OsProcess.waitFor(OsProcess.java:174)
at org.openqa.selenium.os.CommandLine.waitFor(CommandLine.java:114)
at org.openqa.selenium.remote.service.DriverCommandExecutor.lambda$execute$2(DriverCommandExecutor.java:122)
at java.base/java.util.concurrent.CompletableFuture$AsyncSupply.run(CompletableFuture.java:1768)
at java.base/java.util.concurrent.ThreadPoolExecutor.runWorker(ThreadPoolExecutor.java:1136)
at java.base/java.util.concurrent.ThreadPoolExecutor$Worker.run(ThreadPoolExecutor.java:635)
at java.base/java.lang.Thread.run(Thread.java:833)
]]>
            </full-stacktrace>
          </exception> <!-- org.openqa.selenium.WebDriverException -->
          <reporter-output>
          </reporter-output>
        </test-method> <!-- acConfiguration -->
      </class> <!-- vtiger.Organization.Tests.CreateOrganizationTest -->
      <class name="vtiger.Practice.TestNGPracticeTest">
        <test-method signature="deleteUserTest()[pri:0, instance:vtiger.Practice.TestNGPracticeTest@1677d1]" started-at="2023-04-07T11:46:12 IST" name="deleteUserTest" finished-at="2023-04-07T11:46:12 IST" duration-ms="5" status="PASS">
          <reporter-output>
          </reporter-output>
        </test-method> <!-- deleteUserTest -->
        <test-method signature="createUserTest()[pri:1, instance:vtiger.Practice.TestNGPracticeTest@1677d1]" started-at="2023-04-07T11:46:12 IST" name="createUserTest" finished-at="2023-04-07T11:46:12 IST" duration-ms="0" status="PASS">
          <reporter-output>
          </reporter-output>
        </test-method> <!-- createUserTest -->
        <test-method signature="modifyUserTest()[pri:2, instance:vtiger.Practice.TestNGPracticeTest@1677d1]" started-at="2023-04-07T11:46:12 IST" name="modifyUserTest" finished-at="2023-04-07T11:46:12 IST" duration-ms="1" status="PASS">
          <reporter-output>
          </reporter-output>
        </test-method> <!-- modifyUserTest -->
      </class> <!-- vtiger.Practice.TestNGPracticeTest -->
    </test> <!-- Surefire test -->
  </suite> <!-- Surefire suite -->
</testng-results>
